2026/01/28 22:13:56 🔄 Stopping existing processes on port 8080...
[GIN-debug] [WARNING] Creating an Engine instance with the Logger and Recovery middleware already attached.

[GIN-debug] [WARNING] Running in "debug" mode. Switch to "release" mode in production.
 - using env:	export GIN_MODE=release
 - using code:	gin.SetMode(gin.ReleaseMode)

[GIN-debug] POST   /api/login                --> cafe-pos/backend/interfaces/http.(*AuthHandler).Login-fm (4 handlers)
[GIN-debug] GET    /api/profile              --> cafe-pos/backend/interfaces/http.(*UserManagementHandler).GetCurrentUser-fm (5 handlers)
[GIN-debug] POST   /api/change-password      --> cafe-pos/backend/interfaces/http.(*UserManagementHandler).ChangePassword-fm (5 handlers)
[GIN-debug] POST   /api/shifts/start         --> cafe-pos/backend/interfaces/http.(*ShiftHandler).StartShift-fm (5 handlers)
[GIN-debug] POST   /api/shifts/:id/end       --> cafe-pos/backend/interfaces/http.(*ShiftHandler).EndShift-fm (5 handlers)
[GIN-debug] POST   /api/shifts/:id/close     --> cafe-pos/backend/interfaces/http.(*ShiftHandler).CloseShift-fm (5 handlers)
[GIN-debug] GET    /api/shifts/current       --> cafe-pos/backend/interfaces/http.(*ShiftHandler).GetCurrentShift-fm (5 handlers)
[GIN-debug] GET    /api/shifts/my            --> cafe-pos/backend/interfaces/http.(*ShiftHandler).GetMyShifts-fm (5 handlers)
[GIN-debug] GET    /api/shifts/:id           --> cafe-pos/backend/interfaces/http.(*ShiftHandler).GetShift-fm (5 handlers)
[GIN-debug] POST   /api/waiter/orders        --> cafe-pos/backend/interfaces/http.(*OrderHandler).CreateOrder-fm (6 handlers)
[GIN-debug] POST   /api/waiter/orders/:id/payment --> cafe-pos/backend/interfaces/http.(*OrderHandler).CollectPayment-fm (6 handlers)
[GIN-debug] PUT    /api/waiter/orders/:id/edit --> cafe-pos/backend/interfaces/http.(*OrderHandler).EditOrder-fm (6 handlers)
[GIN-debug] POST   /api/waiter/orders/:id/send --> cafe-pos/backend/interfaces/http.(*OrderHandler).SendToBar-fm (6 handlers)
[GIN-debug] POST   /api/waiter/orders/:id/serve --> cafe-pos/backend/interfaces/http.(*OrderHandler).ServeOrder-fm (6 handlers)
[GIN-debug] GET    /api/waiter/orders        --> cafe-pos/backend/interfaces/http.(*OrderHandler).GetMyOrders-fm (6 handlers)
[GIN-debug] GET    /api/waiter/orders/:id    --> cafe-pos/backend/interfaces/http.(*OrderHandler).GetOrder-fm (6 handlers)
[GIN-debug] GET    /api/waiter/menu          --> cafe-pos/backend/interfaces/http.(*MenuHandler).GetAllMenuItems-fm (6 handlers)
[GIN-debug] GET    /api/waiter/profile       --> main.main.func2 (6 handlers)
[GIN-debug] GET    /api/waiter/ingredients   --> cafe-pos/backend/interfaces/http.(*IngredientHandler).GetAllIngredients-fm (6 handlers)
[GIN-debug] GET    /api/waiter/facilities    --> cafe-pos/backend/interfaces/http.(*FacilityHandler).GetAllFacilities-fm (6 handlers)
[GIN-debug] GET    /api/waiter/facilities/search --> cafe-pos/backend/interfaces/http.(*FacilityHandler).SearchFacilities-fm (6 handlers)
[GIN-debug] POST   /api/waiter/issues        --> cafe-pos/backend/interfaces/http.(*FacilityHandler).CreateIssueReport-fm (6 handlers)
[GIN-debug] GET    /api/barista/orders/queue --> cafe-pos/backend/interfaces/http.(*OrderHandler).GetQueuedOrders-fm (6 handlers)
[GIN-debug] GET    /api/barista/orders/my    --> cafe-pos/backend/interfaces/http.(*OrderHandler).GetMyBaristaOrders-fm (6 handlers)
[GIN-debug] POST   /api/barista/orders/:id/accept --> cafe-pos/backend/interfaces/http.(*OrderHandler).AcceptOrder-fm (6 handlers)
[GIN-debug] POST   /api/barista/orders/:id/ready --> cafe-pos/backend/interfaces/http.(*OrderHandler).FinishPreparing-fm (6 handlers)
[GIN-debug] GET    /api/barista/orders/:id   --> cafe-pos/backend/interfaces/http.(*OrderHandler).GetOrder-fm (6 handlers)
[GIN-debug] GET    /api/cashier/orders       --> cafe-pos/backend/interfaces/http.(*OrderHandler).GetAllOrders-fm (6 handlers)
[GIN-debug] GET    /api/cashier/orders/:id   --> cafe-pos/backend/interfaces/http.(*OrderHandler).GetOrder-fm (6 handlers)
[GIN-debug] POST   /api/cashier/orders/:id/cancel --> cafe-pos/backend/interfaces/http.(*OrderHandler).CancelOrder-fm (6 handlers)
[GIN-debug] POST   /api/cashier/orders/:id/refund --> cafe-pos/backend/interfaces/http.(*OrderHandler).RefundPartial-fm (6 handlers)
[GIN-debug] POST   /api/cashier/shifts/:id/close --> cafe-pos/backend/interfaces/http.(*ShiftHandler).CloseShift-fm (6 handlers)
[GIN-debug] GET    /api/cashier/shifts       --> cafe-pos/backend/interfaces/http.(*ShiftHandler).GetAllShifts-fm (6 handlers)
[GIN-debug] GET    /api/cashier/shifts/:id   --> cafe-pos/backend/interfaces/http.(*ShiftHandler).GetShift-fm (6 handlers)
[GIN-debug] GET    /api/cashier/shifts/:id/status --> cafe-pos/backend/interfaces/http.(*CashierHandler).GetShiftStatus-fm (6 handlers)
[GIN-debug] GET    /api/cashier/shifts/:id/payments --> cafe-pos/backend/interfaces/http.(*CashierHandler).GetPaymentsByShift-fm (6 handlers)
[GIN-debug] POST   /api/cashier/discrepancies --> cafe-pos/backend/interfaces/http.(*CashierHandler).ReportDiscrepancy-fm (6 handlers)
[GIN-debug] GET    /api/cashier/discrepancies/pending --> cafe-pos/backend/interfaces/http.(*CashierHandler).GetPendingDiscrepancies-fm (6 handlers)
[GIN-debug] POST   /api/cashier/discrepancies/:id/resolve --> cafe-pos/backend/interfaces/http.(*CashierHandler).ResolveDiscrepancy-fm (6 handlers)
[GIN-debug] POST   /api/cashier/reconcile/cash --> cafe-pos/backend/interfaces/http.(*CashierHandler).ReconcileCash-fm (6 handlers)
[GIN-debug] POST   /api/cashier/orders/:id/override --> cafe-pos/backend/interfaces/http.(*CashierHandler).OverridePayment-fm (6 handlers)
[GIN-debug] POST   /api/cashier/orders/:id/lock --> cafe-pos/backend/interfaces/http.(*CashierHandler).LockOrder-fm (6 handlers)
[GIN-debug] GET    /api/cashier/reports/shift/:id --> cafe-pos/backend/interfaces/http.(*CashierHandler).GenerateShiftReport-fm (6 handlers)
[GIN-debug] GET    /api/cashier/reports/daily --> cafe-pos/backend/interfaces/http.(*CashierHandler).GetDailyReport-fm (6 handlers)
[GIN-debug] POST   /api/cashier/handover     --> cafe-pos/backend/interfaces/http.(*CashierHandler).HandoverShift-fm (6 handlers)
[GIN-debug] GET    /api/cashier/orders/:id/audits --> cafe-pos/backend/interfaces/http.(*CashierHandler).GetOrderAudits-fm (6 handlers)
[GIN-debug] GET    /api/manager/reports      --> main.main.func3 (6 handlers)
[GIN-debug] POST   /api/manager/menu         --> cafe-pos/backend/interfaces/http.(*MenuHandler).CreateMenuItem-fm (6 handlers)
[GIN-debug] GET    /api/manager/menu         --> cafe-pos/backend/interfaces/http.(*MenuHandler).GetAllMenuItems-fm (6 handlers)
[GIN-debug] GET    /api/manager/menu/:id     --> cafe-pos/backend/interfaces/http.(*MenuHandler).GetMenuItem-fm (6 handlers)
[GIN-debug] PUT    /api/manager/menu/:id     --> cafe-pos/backend/interfaces/http.(*MenuHandler).UpdateMenuItem-fm (6 handlers)
[GIN-debug] DELETE /api/manager/menu/:id     --> cafe-pos/backend/interfaces/http.(*MenuHandler).DeleteMenuItem-fm (6 handlers)
[GIN-debug] POST   /api/manager/ingredients  --> cafe-pos/backend/interfaces/http.(*IngredientHandler).CreateIngredient-fm (6 handlers)
[GIN-debug] GET    /api/manager/ingredients  --> cafe-pos/backend/interfaces/http.(*IngredientHandler).GetAllIngredients-fm (6 handlers)
[GIN-debug] GET    /api/manager/ingredients/low-stock --> cafe-pos/backend/interfaces/http.(*IngredientHandler).GetLowStock-fm (6 handlers)
[GIN-debug] GET    /api/manager/ingredients/:id --> cafe-pos/backend/interfaces/http.(*IngredientHandler).GetIngredient-fm (6 handlers)
[GIN-debug] GET    /api/manager/ingredients/:id/history --> cafe-pos/backend/interfaces/http.(*IngredientHandler).GetStockHistory-fm (6 handlers)
[GIN-debug] PUT    /api/manager/ingredients/:id --> cafe-pos/backend/interfaces/http.(*IngredientHandler).UpdateIngredient-fm (6 handlers)
[GIN-debug] DELETE /api/manager/ingredients/:id --> cafe-pos/backend/interfaces/http.(*IngredientHandler).DeleteIngredient-fm (6 handlers)
[GIN-debug] POST   /api/manager/ingredients/:id/adjust --> cafe-pos/backend/interfaces/http.(*IngredientHandler).AdjustStock-fm (6 handlers)
[GIN-debug] GET    /api/manager/facilities   --> cafe-pos/backend/interfaces/http.(*FacilityHandler).GetAllFacilities-fm (6 handlers)
[GIN-debug] GET    /api/manager/facilities/search --> cafe-pos/backend/interfaces/http.(*FacilityHandler).SearchFacilities-fm (6 handlers)
[GIN-debug] GET    /api/manager/facilities/:id --> cafe-pos/backend/interfaces/http.(*FacilityHandler).GetFacility-fm (6 handlers)
[GIN-debug] POST   /api/manager/facilities   --> cafe-pos/backend/interfaces/http.(*FacilityHandler).CreateFacility-fm (6 handlers)
[GIN-debug] PUT    /api/manager/facilities/:id --> cafe-pos/backend/interfaces/http.(*FacilityHandler).UpdateFacility-fm (6 handlers)
[GIN-debug] DELETE /api/manager/facilities/:id --> cafe-pos/backend/interfaces/http.(*FacilityHandler).DeleteFacility-fm (6 handlers)
[GIN-debug] GET    /api/manager/facilities/:id/history --> cafe-pos/backend/interfaces/http.(*FacilityHandler).GetFacilityHistory-fm (6 handlers)
[GIN-debug] GET    /api/manager/facilities/:id/next-maintenance --> cafe-pos/backend/interfaces/http.(*FacilityHandler).GetNextMaintenanceDate-fm (6 handlers)
[GIN-debug] GET    /api/manager/facilities/:id/maintenance-stats --> cafe-pos/backend/interfaces/http.(*FacilityHandler).GetMaintenanceStats-fm (6 handlers)
[GIN-debug] GET    /api/manager/facilities/:id/status-history --> cafe-pos/backend/interfaces/http.(*FacilityHandler).GetStatusHistory-fm (6 handlers)
[GIN-debug] GET    /api/manager/facilities/history --> cafe-pos/backend/interfaces/http.(*FacilityHandler).GetHistoryWithFilter-fm (6 handlers)
[GIN-debug] GET    /api/manager/facilities/:id/maintenance --> cafe-pos/backend/interfaces/http.(*FacilityHandler).GetMaintenanceHistory-fm (6 handlers)
[GIN-debug] POST   /api/manager/maintenance  --> cafe-pos/backend/interfaces/http.(*FacilityHandler).CreateMaintenanceRecord-fm (6 handlers)
[GIN-debug] GET    /api/manager/maintenance/scheduled --> cafe-pos/backend/interfaces/http.(*FacilityHandler).GetScheduledMaintenance-fm (6 handlers)
[GIN-debug] GET    /api/manager/maintenance/due --> cafe-pos/backend/interfaces/http.(*FacilityHandler).GetMaintenanceDue-fm (6 handlers)
[GIN-debug] GET    /api/manager/issues       --> cafe-pos/backend/interfaces/http.(*FacilityHandler).GetIssueReports-fm (6 handlers)
[GIN-debug] POST   /api/manager/issues       --> cafe-pos/backend/interfaces/http.(*FacilityHandler).CreateIssueReport-fm (6 handlers)
[GIN-debug] POST   /api/manager/expenses     --> cafe-pos/backend/interfaces/http.(*ExpenseHandler).CreateExpense-fm (6 handlers)
[GIN-debug] GET    /api/manager/expenses     --> cafe-pos/backend/interfaces/http.(*ExpenseHandler).GetExpenses-fm (6 handlers)
[GIN-debug] PUT    /api/manager/expenses/:id --> cafe-pos/backend/interfaces/http.(*ExpenseHandler).UpdateExpense-fm (6 handlers)
[GIN-debug] DELETE /api/manager/expenses/:id --> cafe-pos/backend/interfaces/http.(*ExpenseHandler).DeleteExpense-fm (6 handlers)
[GIN-debug] POST   /api/manager/expense-categories --> cafe-pos/backend/interfaces/http.(*ExpenseHandler).CreateCategory-fm (6 handlers)
[GIN-debug] GET    /api/manager/expense-categories --> cafe-pos/backend/interfaces/http.(*ExpenseHandler).GetCategories-fm (6 handlers)
[GIN-debug] DELETE /api/manager/expense-categories/:id --> cafe-pos/backend/interfaces/http.(*ExpenseHandler).DeleteCategory-fm (6 handlers)
[GIN-debug] POST   /api/manager/recurring-expenses --> cafe-pos/backend/interfaces/http.(*ExpenseHandler).CreateRecurring-fm (6 handlers)
[GIN-debug] GET    /api/manager/recurring-expenses --> cafe-pos/backend/interfaces/http.(*ExpenseHandler).GetRecurring-fm (6 handlers)
[GIN-debug] DELETE /api/manager/recurring-expenses/:id --> cafe-pos/backend/interfaces/http.(*ExpenseHandler).DeleteRecurring-fm (6 handlers)
[GIN-debug] POST   /api/manager/prepaid-expenses --> cafe-pos/backend/interfaces/http.(*ExpenseHandler).CreatePrepaid-fm (6 handlers)
[GIN-debug] GET    /api/manager/prepaid-expenses --> cafe-pos/backend/interfaces/http.(*ExpenseHandler).GetPrepaid-fm (6 handlers)
[GIN-debug] DELETE /api/manager/prepaid-expenses/:id --> cafe-pos/backend/interfaces/http.(*ExpenseHandler).DeletePrepaid-fm (6 handlers)
[GIN-debug] POST   /api/manager/users        --> cafe-pos/backend/interfaces/http.(*UserManagementHandler).CreateUser-fm (6 handlers)
[GIN-debug] GET    /api/manager/users        --> cafe-pos/backend/interfaces/http.(*UserManagementHandler).GetAllUsers-fm (6 handlers)
[GIN-debug] GET    /api/manager/users/active --> cafe-pos/backend/interfaces/http.(*UserManagementHandler).GetActiveUsers-fm (6 handlers)
[GIN-debug] GET    /api/manager/users/by-role --> cafe-pos/backend/interfaces/http.(*UserManagementHandler).GetUsersByRole-fm (6 handlers)
[GIN-debug] GET    /api/manager/users/:id    --> cafe-pos/backend/interfaces/http.(*UserManagementHandler).GetUser-fm (6 handlers)
[GIN-debug] PUT    /api/manager/users/:id    --> cafe-pos/backend/interfaces/http.(*UserManagementHandler).UpdateUser-fm (6 handlers)
[GIN-debug] POST   /api/manager/users/:id/reset-password --> cafe-pos/backend/interfaces/http.(*UserManagementHandler).ResetPassword-fm (6 handlers)
[GIN-debug] POST   /api/manager/users/:id/toggle-status --> cafe-pos/backend/interfaces/http.(*UserManagementHandler).ToggleUserStatus-fm (6 handlers)
[GIN-debug] DELETE /api/manager/users/:id    --> cafe-pos/backend/interfaces/http.(*UserManagementHandler).DeleteUser-fm (6 handlers)
[GIN-debug] GET    /api/manager/orders       --> cafe-pos/backend/interfaces/http.(*OrderHandler).GetAllOrders-fm (6 handlers)
[GIN-debug] GET    /api/manager/orders/:id   --> cafe-pos/backend/interfaces/http.(*OrderHandler).GetOrder-fm (6 handlers)
[GIN-debug] POST   /api/manager/orders       --> cafe-pos/backend/interfaces/http.(*OrderHandler).CreateOrder-fm (6 handlers)
[GIN-debug] POST   /api/manager/orders/:id/cancel --> cafe-pos/backend/interfaces/http.(*OrderHandler).CancelOrder-fm (6 handlers)
[GIN-debug] POST   /api/manager/orders/:id/refund --> cafe-pos/backend/interfaces/http.(*OrderHandler).RefundPartial-fm (6 handlers)
[GIN-debug] PUT    /api/manager/orders/:id/edit --> cafe-pos/backend/interfaces/http.(*OrderHandler).EditOrder-fm (6 handlers)
[GIN-debug] GET    /api/manager/shifts       --> cafe-pos/backend/interfaces/http.(*ShiftHandler).GetAllShifts-fm (6 handlers)
[GIN-debug] GET    /api/manager/shifts/:id   --> cafe-pos/backend/interfaces/http.(*ShiftHandler).GetShift-fm (6 handlers)
2026/01/28 22:13:58 Server starting on :8080
[GIN-debug] [WARNING] You trusted all proxies, this is NOT safe. We recommend you to set a value.
Please check https://pkg.go.dev/github.com/gin-gonic/gin#readme-don-t-trust-all-proxies for details.
[GIN-debug] Listening and serving HTTP on :8080
[GIN] 2026/01/28 - 22:13:59 | 404 |       7.382µs |             ::1 | POST     "/api/auth/login"
